<?xml version="1.0" encoding="utf-8"?><testsuites name="pytest tests"><testsuite name="pytest" errors="0" failures="0" skipped="0" tests="52" time="10.688" timestamp="2026-08-27T16:18:10.820196+00:00" hostname="agent-env-78d8c8ef-e0a0-4fb3-8ff9-e165c32960dc"><testcase classname="tests.test_client_portal" name="test_admin_login_and_me" time="0.900" /><testcase classname="tests.test_client_portal" name="test_seed_clients_and_vendors_present" time="0.266" /><testcase classname="tests.test_client_portal_iter11" name="test_portal_payments_lists_only_acme" time="1.093" /><testcase classname="tests.test_client_portal_iter11" name="test_portal_payments_officer_detail_acme" time="0.105" /><testcase classname="tests.test_client_portal" name="test_vendor_create_update_with_client_ids" time="0.671" /><testcase classname="tests.test_client_portal_iter11" name="test_portal_payments_officer_detail_globex_404" time="0.092" /><testcase classname="tests.test_client_portal_iter11" name="test_portal_payments_report_pdf" time="0.101" /><testcase classname="tests.test_client_portal_iter11" name="test_portal_payments_report_xlsx" time="0.225" /><testcase classname="tests.test_client_portal_iter11" name="test_portal_payments_officer_report_pdf" time="0.104" /><testcase classname="tests.test_client_portal_iter11" name="test_portal_payments_officer_report_globex_404" time="0.100" /><testcase classname="tests.test_client_portal_iter11" name="test_portal_wage_report_aug_2026" time="0.102" /><testcase classname="tests.test_client_portal" name="test_admin_can_view_client_portal_status" time="0.200" /><testcase classname="tests.test_client_portal_iter11" name="test_portal_wage_report_defaults_to_current_month" time="0.099" /><testcase classname="tests.test_client_portal_iter11" name="test_portal_payslip_pdf_acme" time="0.110" /><testcase classname="tests.test_client_portal_iter11" name="test_portal_payslip_xlsx_acme" time="0.113" /><testcase classname="tests.test_client_portal_iter11" name="test_portal_payslip_globex_404" time="0.234" /><testcase classname="tests.test_client_portal_iter11" name="test_admin_forbidden_from_payments_and_wage" time="0.260" /><testcase classname="tests.test_client_portal" name="test_client_login_returns_client_role" time="0.591" /><testcase classname="tests.test_client_portal" name="test_portal_me" time="0.074" /><testcase classname="tests.test_client_portal" name="test_portal_summary" time="0.077" /><testcase classname="tests.test_client_portal_iter11" name="test_client_forbidden_from_so_payments" time="0.102" /><testcase classname="tests.test_client_portal" name="test_portal_summary_new_cards_scoped_to_acme" time="0.080" /><testcase classname="tests.test_client_portal" name="test_portal_summary_isolation_globex_not_leaking" time="0.197" /><testcase classname="tests.test_client_portal" name="test_portal_vendors_isolation" time="0.235" /><testcase classname="tests.test_client_portal" name="test_portal_schedules" time="0.078" /><testcase classname="tests.test_client_portal" name="test_portal_reports" time="0.075" /><testcase classname="tests.test_client_portal" name="test_client_blocked_from_admin_dispatch" time="0.403" /><testcase classname="tests.test_client_portal" name="test_admin_blocked_from_portal" time="0.237" /><testcase classname="tests.test_client_portal_iter10" name="test_portal_officers_scoped_to_acme" time="1.732" /><testcase classname="tests.test_client_portal_iter12" name="test_client_blocked_from_admin_dispatch_all" time="0.961" /><testcase classname="tests.test_client_portal_iter10" name="test_portal_post_sites_scoped_to_acme" time="0.096" /><testcase classname="tests.test_client_portal_iter10" name="test_portal_create_schedule_success" time="0.127" /><testcase classname="tests.test_client_portal_iter10" name="test_portal_update_schedule_success" time="0.088" /><testcase classname="tests.test_client_portal_iter10" name="test_create_with_foreign_post_site_returns_400" time="0.146" /><testcase classname="tests.test_client_portal_iter10" name="test_create_with_foreign_officer_returns_400" time="0.110" /><testcase classname="tests.test_client_portal_iter10" name="test_create_with_foreign_vendor_returns_400" time="0.124" /><testcase classname="tests.test_client_portal_iter10" name="test_client_cannot_edit_foreign_schedule_404" time="0.436" /><testcase classname="tests.test_client_portal_iter12" name="test_admin_blocked_from_portal_dispatch" time="1.109" /><testcase classname="tests.test_client_portal_iter10" name="test_client_cannot_delete_foreign_schedule_404" time="0.098" /><testcase classname="tests.test_client_portal_iter10" name="test_client_forbidden_from_dispatch" time="0.254" /><testcase classname="tests.test_client_portal_iter10" name="test_admin_forbidden_from_portal" time="0.251" /><testcase classname="tests.test_client_portal_iter12" name="test_client_has_dispatch_permissions" time="0.143" /><testcase classname="tests.test_client_portal_iter12" name="test_portal_dispatch_clients_returns_only_own" time="0.091" /><testcase classname="tests.test_client_portal_iter10" name="test_portal_delete_own_schedule" time="0.584" /><testcase classname="tests.test_client_portal_iter12" name="test_portal_dispatch_vendors_scoped" time="0.087" /><testcase classname="tests.test_client_portal_iter12" name="test_portal_dispatch_officers_only_acme" time="0.098" /><testcase classname="tests.test_client_portal_iter12" name="test_portal_dispatch_post_sites_only_acme" time="0.276" /><testcase classname="tests.test_client_portal_iter12" name="test_officer_crud_scoped_and_prefixed" time="0.764" /><testcase classname="tests.test_client_portal_iter12" name="test_schedule_create_foreign_post_site_400" time="0.733" /><testcase classname="tests.test_client_portal_iter12" name="test_schedule_full_lifecycle" time="1.016" /><testcase classname="tests.test_client_portal_iter12" name="test_client_cannot_edit_foreign_schedule" time="0.458" /><testcase classname="tests.test_client_portal_iter12" name="test_admin_dispatch_regression" time="0.511" /></testsuite></testsuites>