<?xml version="1.0" encoding="utf-8"?><testsuites name="pytest tests"><testsuite name="pytest" errors="0" failures="0" skipped="0" tests="12" time="3.744" timestamp="2026-08-27T15:35:08.006400+00:00" hostname="agent-env-78d8c8ef-e0a0-4fb3-8ff9-e165c32960dc"><testcase classname="tests.test_client_portal_iter10" name="test_portal_officers_scoped_to_acme" time="1.616" /><testcase classname="tests.test_client_portal_iter10" name="test_portal_post_sites_scoped_to_acme" time="0.117" /><testcase classname="tests.test_client_portal_iter10" name="test_portal_create_schedule_success" time="0.110" /><testcase classname="tests.test_client_portal_iter10" name="test_portal_update_schedule_success" time="0.140" /><testcase classname="tests.test_client_portal_iter10" name="test_create_with_foreign_post_site_returns_400" time="0.092" /><testcase classname="tests.test_client_portal_iter10" name="test_create_with_foreign_officer_returns_400" time="0.085" /><testcase classname="tests.test_client_portal_iter10" name="test_create_with_foreign_vendor_returns_400" time="0.082" /><testcase classname="tests.test_client_portal_iter10" name="test_client_cannot_edit_foreign_schedule_404" time="0.202" /><testcase classname="tests.test_client_portal_iter10" name="test_client_cannot_delete_foreign_schedule_404" time="0.077" /><testcase classname="tests.test_client_portal_iter10" name="test_client_forbidden_from_dispatch" time="0.320" /><testcase classname="tests.test_client_portal_iter10" name="test_admin_forbidden_from_portal" time="0.353" /><testcase classname="tests.test_client_portal_iter10" name="test_portal_delete_own_schedule" time="0.465" /></testsuite></testsuites>