<?xml version="1.0" encoding="utf-8"?><testsuites name="pytest tests"><testsuite name="pytest" errors="0" failures="0" skipped="0" tests="14" time="3.792" timestamp="2026-08-27T15:44:37.651051+00:00" hostname="agent-env-78d8c8ef-e0a0-4fb3-8ff9-e165c32960dc"><testcase classname="tests.test_client_portal_iter11" name="test_portal_payments_lists_only_acme" time="1.408" /><testcase classname="tests.test_client_portal_iter11" name="test_portal_payments_officer_detail_acme" time="0.082" /><testcase classname="tests.test_client_portal_iter11" name="test_portal_payments_officer_detail_globex_404" time="0.096" /><testcase classname="tests.test_client_portal_iter11" name="test_portal_payments_report_pdf" time="0.096" /><testcase classname="tests.test_client_portal_iter11" name="test_portal_payments_report_xlsx" time="0.522" /><testcase classname="tests.test_client_portal_iter11" name="test_portal_payments_officer_report_pdf" time="0.103" /><testcase classname="tests.test_client_portal_iter11" name="test_portal_payments_officer_report_globex_404" time="0.084" /><testcase classname="tests.test_client_portal_iter11" name="test_portal_wage_report_aug_2026" time="0.085" /><testcase classname="tests.test_client_portal_iter11" name="test_portal_wage_report_defaults_to_current_month" time="0.077" /><testcase classname="tests.test_client_portal_iter11" name="test_portal_payslip_pdf_acme" time="0.085" /><testcase classname="tests.test_client_portal_iter11" name="test_portal_payslip_xlsx_acme" time="0.090" /><testcase classname="tests.test_client_portal_iter11" name="test_portal_payslip_globex_404" time="0.105" /><testcase classname="tests.test_client_portal_iter11" name="test_admin_forbidden_from_payments_and_wage" time="0.279" /><testcase classname="tests.test_client_portal_iter11" name="test_client_forbidden_from_so_payments" time="0.118" /></testsuite></testsuites>