<?xml version="1.0" encoding="utf-8"?><testsuites name="pytest tests"><testsuite name="pytest" errors="0" failures="0" skipped="0" tests="14" time="2.861" timestamp="2026-08-27T15:19:45.950814+00:00" hostname="agent-env-78d8c8ef-e0a0-4fb3-8ff9-e165c32960dc"><testcase classname="tests.test_client_portal" name="test_admin_login_and_me" time="0.553" /><testcase classname="tests.test_client_portal" name="test_seed_clients_and_vendors_present" time="0.227" /><testcase classname="tests.test_client_portal" name="test_vendor_create_update_with_client_ids" time="0.329" /><testcase classname="tests.test_client_portal" name="test_admin_can_view_client_portal_status" time="0.139" /><testcase classname="tests.test_client_portal" name="test_client_login_returns_client_role" time="0.464" /><testcase classname="tests.test_client_portal" name="test_portal_me" time="0.081" /><testcase classname="tests.test_client_portal" name="test_portal_summary" time="0.080" /><testcase classname="tests.test_client_portal" name="test_portal_summary_new_cards_scoped_to_acme" time="0.089" /><testcase classname="tests.test_client_portal" name="test_portal_summary_isolation_globex_not_leaking" time="0.152" /><testcase classname="tests.test_client_portal" name="test_portal_vendors_isolation" time="0.083" /><testcase classname="tests.test_client_portal" name="test_portal_schedules" time="0.085" /><testcase classname="tests.test_client_portal" name="test_portal_reports" time="0.083" /><testcase classname="tests.test_client_portal" name="test_client_blocked_from_admin_dispatch" time="0.251" /><testcase classname="tests.test_client_portal" name="test_admin_blocked_from_portal" time="0.146" /></testsuite></testsuites>