<?xml version="1.0" encoding="utf-8"?><testsuites name="pytest tests"><testsuite name="pytest" errors="0" failures="0" skipped="0" tests="12" time="3.008" timestamp="2026-08-27T15:02:33.188101+00:00" hostname="agent-env-78d8c8ef-e0a0-4fb3-8ff9-e165c32960dc"><testcase classname="tests.test_client_portal" name="test_admin_login_and_me" time="0.497" /><testcase classname="tests.test_client_portal" name="test_seed_clients_and_vendors_present" time="0.168" /><testcase classname="tests.test_client_portal" name="test_vendor_create_update_with_client_ids" time="0.400" /><testcase classname="tests.test_client_portal" name="test_admin_can_view_client_portal_status" time="0.172" /><testcase classname="tests.test_client_portal" name="test_client_login_returns_client_role" time="0.604" /><testcase classname="tests.test_client_portal" name="test_portal_me" time="0.088" /><testcase classname="tests.test_client_portal" name="test_portal_summary" time="0.123" /><testcase classname="tests.test_client_portal" name="test_portal_vendors_isolation" time="0.158" /><testcase classname="tests.test_client_portal" name="test_portal_schedules" time="0.088" /><testcase classname="tests.test_client_portal" name="test_portal_reports" time="0.098" /><testcase classname="tests.test_client_portal" name="test_client_blocked_from_admin_dispatch" time="0.254" /><testcase classname="tests.test_client_portal" name="test_admin_blocked_from_portal" time="0.279" /></testsuite></testsuites>