<?xml version="1.0" encoding="utf-8"?><testsuites name="pytest tests"><testsuite name="pytest" errors="0" failures="0" skipped="0" tests="5" time="1.487" timestamp="2026-08-23T10:22:20.900619+00:00" hostname="agent-env-02d955b5-31c6-4f0b-b39c-9e6138bd3805"><testcase classname="tests.test_iter6_invoice_pin_removal" name="test_preview_location_equals_post_site_name_and_pin_display_null" time="0.501" /><testcase classname="tests.test_iter6_invoice_pin_removal" name="test_preview_pdf_has_no_post_pin_string_and_expected_headers" time="0.283" /><testcase classname="tests.test_iter6_invoice_pin_removal" name="test_preview_strips_pin_display_from_override_lines" time="0.045" /><testcase classname="tests.test_iter6_invoice_pin_removal" name="test_schedules_still_have_post_pin_display" time="0.045" /><testcase classname="tests.test_iter6_invoice_pin_removal" name="test_reports_by_officer_regression" time="0.043" /></testsuite></testsuites>