<?xml version="1.0" encoding="utf-8"?><testsuites name="pytest tests"><testsuite name="pytest" errors="0" failures="1" skipped="0" tests="12" time="5.324" timestamp="2026-08-27T16:17:44.251099+00:00" hostname="agent-env-78d8c8ef-e0a0-4fb3-8ff9-e165c32960dc"><testcase classname="tests.test_client_portal_iter12" name="test_client_blocked_from_admin_dispatch_all" time="0.913" /><testcase classname="tests.test_client_portal_iter12" name="test_admin_blocked_from_portal_dispatch" time="1.038" /><testcase classname="tests.test_client_portal_iter12" name="test_client_has_dispatch_permissions" time="0.090" /><testcase classname="tests.test_client_portal_iter12" name="test_portal_dispatch_clients_returns_only_own" time="0.089" /><testcase classname="tests.test_client_portal_iter12" name="test_portal_dispatch_vendors_scoped" time="0.088" /><testcase classname="tests.test_client_portal_iter12" name="test_portal_dispatch_officers_only_acme" time="0.086" /><testcase classname="tests.test_client_portal_iter12" name="test_portal_dispatch_post_sites_only_acme" time="0.185" /><testcase classname="tests.test_client_portal_iter12" name="test_officer_crud_scoped_and_prefixed" time="0.653" /><testcase classname="tests.test_client_portal_iter12" name="test_schedule_create_foreign_post_site_400" time="0.642" /><testcase classname="tests.test_client_portal_iter12" name="test_schedule_full_lifecycle" time="0.177"><failure message="AssertionError: {&quot;detail&quot;:&quot;Security Officer already has another shift on 2027-01-06 01:00–02:00.&quot;}&#10;assert 409 in (200, 201)&#10; +  where 409 = &lt;Response [409]&gt;.status_code">backend/tests/test_client_portal_iter12.py:210: in test_schedule_full_lifecycle
    assert r.status_code in (200, 201), r.text
E   AssertionError: {"detail":"Security Officer already has another shift on 2027-01-06 01:00–02:00."}
E   assert 409 in (200, 201)
E    +  where 409 = &lt;Response [409]&gt;.status_code</failure></testcase><testcase classname="tests.test_client_portal_iter12" name="test_client_cannot_edit_foreign_schedule" time="0.492" /><testcase classname="tests.test_client_portal_iter12" name="test_admin_dispatch_regression" time="0.510" /></testsuite></testsuites>