<?xml version="1.0" encoding="utf-8"?><testsuites name="pytest tests"><testsuite name="pytest" errors="0" failures="0" skipped="0" tests="10" time="5.328" timestamp="2026-08-27T17:34:40.464420+00:00" hostname="agent-env-78d8c8ef-e0a0-4fb3-8ff9-e165c32960dc"><testcase classname="tests.test_email_settings_iter13" name="test_get_email_settings_requires_auth" time="0.396" /><testcase classname="tests.test_email_settings_iter13" name="test_client_forbidden_get" time="0.605" /><testcase classname="tests.test_email_settings_iter13" name="test_client_forbidden_put" time="0.728" /><testcase classname="tests.test_email_settings_iter13" name="test_admin_get_returns_masked_shape" time="0.434" /><testcase classname="tests.test_email_settings_iter13" name="test_admin_save_and_update_preserves_password" time="0.777" /><testcase classname="tests.test_email_settings_iter13" name="test_forgot_password_dry_run_does_not_error" time="0.847" /><testcase classname="tests.test_email_settings_iter13" name="test_forgot_password_nonexistent_email_generic_response" time="0.275" /><testcase classname="tests.test_email_settings_iter13" name="test_regression_get_public_settings" time="0.193" /><testcase classname="tests.test_email_settings_iter13" name="test_regression_admin_get_settings" time="0.469" /><testcase classname="tests.test_email_settings_iter13" name="test_regression_theme" time="0.246" /></testsuite></testsuites>