<?xml version="1.0" encoding="utf-8"?><testsuites name="pytest tests"><testsuite name="pytest" errors="0" failures="0" skipped="0" tests="5" time="13.305" timestamp="2026-08-23T08:44:51.379214+00:00" hostname="agent-env-02d955b5-31c6-4f0b-b39c-9e6138bd3805"><testcase classname="tests.test_post_merge_smoke" name="test_login_returns_200_and_cookie" time="2.295" /><testcase classname="tests.test_post_merge_smoke" name="test_auth_me_returns_admin" time="0.909" /><testcase classname="tests.test_post_merge_smoke" name="test_dispatch_schedules_has_vendor_pin_fields" time="1.688" /><testcase classname="tests.test_post_merge_smoke" name="test_dispatch_reports_by_officer_clocked_in_counts_complete" time="1.667" /><testcase classname="tests.test_post_merge_smoke" name="test_dispatch_invoices_next_number" time="1.532" /></testsuite></testsuites>