<?xml version="1.0" encoding="utf-8"?><testsuites name="pytest tests"><testsuite name="pytest" errors="0" failures="0" skipped="0" tests="6" time="1.532" timestamp="2026-08-23T06:41:06.402744+00:00" hostname="agent-env-02d955b5-31c6-4f0b-b39c-9e6138bd3805"><testcase classname="tests.test_iteration2_officeflow" name="test_health_and_root" time="0.190" /><testcase classname="tests.test_restore_smoke" name="test_health_and_root" time="0.180" /><testcase classname="tests.test_restore_smoke" name="test_admin_login_cookie_and_me" time="0.568" /><testcase classname="tests.test_iteration2_officeflow" name="test_admin_login_cookie_and_me" time="0.607" /><testcase classname="tests.test_restore_smoke" name="test_me_requires_session" time="0.119" /><testcase classname="tests.test_iteration2_officeflow" name="test_me_without_session_is_unauthorized" time="0.148" /></testsuite></testsuites>