<?xml version="1.0" encoding="utf-8"?><testsuites name="pytest tests"><testsuite name="pytest" errors="0" failures="0" skipped="1" tests="6" time="1.678" timestamp="2026-08-26T23:50:31.070101+00:00" hostname="agent-env-02d955b5-31c6-4f0b-b39c-9e6138bd3805"><testcase classname="tests.test_timezone_dhaka" name="test_login_sets_httponly_cookie" time="0.496" /><testcase classname="tests.test_timezone_dhaka" name="test_dispatch_dashboard_stats" time="0.464" /><testcase classname="tests.test_timezone_dhaka" name="test_dispatch_reports_schedules" time="0.076" /><testcase classname="tests.test_timezone_dhaka" name="test_shifts_today" time="0.068"><skipped type="pytest.skip" message="/api/shifts/today missing (405) — reported to main agent">/app/backend/tests/test_timezone_dhaka.py:70: /api/shifts/today missing (405) — reported to main agent</skipped></testcase><testcase classname="tests.test_timezone_dhaka" name="test_attendance_today" time="0.075" /><testcase classname="tests.test_timezone_dhaka" name="test_payslip_pdf_generation" time="0.160" /></testsuite></testsuites>